<?xml version="1.0" encoding="UTF-8"?>
<testng-results ignored="0" total="1" passed="0" failed="1" skipped="0">
  <reporter-output>
    <line>
      <![CDATA[DB Connectivity open]]>
    </line>
  </reporter-output>
  <suite started-at="2025-07-26T07:22:30 IST" name="Default suite" finished-at="2025-07-26T07:22:45 IST" duration-ms="14280">
    <groups>
    </groups>
    <test started-at="2025-07-26T07:22:30 IST" name="Default test" finished-at="2025-07-26T07:22:45 IST" duration-ms="14280">
      <class name="ninjaCRM.CreateProductTest">
        <test-method is-config="true" signature="beforesuite()[pri:0, instance:ninjaCRM.CreateProductTest@7161d8d1]" started-at="2025-07-26T07:22:30 IST" name="beforesuite" finished-at="2025-07-26T07:22:30 IST" duration-ms="23" status="PASS">
          <reporter-output>
            <line>
              <![CDATA[DB Connectivity open]]>
            </line>
          </reporter-output>
        </test-method> <!-- beforesuite -->
        <test-method is-config="true" signature="beforetest()[pri:0, instance:ninjaCRM.CreateProductTest@7161d8d1]" started-at="2025-07-26T07:22:30 IST" name="beforetest" finished-at="2025-07-26T07:22:30 IST" duration-ms="11" status="PASS">
          <reporter-output>
          </reporter-output>
        </test-method> <!-- beforetest -->
        <test-method is-config="true" signature="beforeclass()[pri:0, instance:ninjaCRM.CreateProductTest@7161d8d1]" started-at="2025-07-26T07:22:30 IST" name="beforeclass" finished-at="2025-07-26T07:22:35 IST" duration-ms="4266" status="PASS">
          <reporter-output>
          </reporter-output>
        </test-method> <!-- beforeclass -->
        <test-method is-config="true" signature="beforeMethod()[pri:0, instance:ninjaCRM.CreateProductTest@7161d8d1]" started-at="2025-07-26T07:22:35 IST" name="beforeMethod" finished-at="2025-07-26T07:22:38 IST" duration-ms="3812" status="PASS">
          <reporter-output>
          </reporter-output>
        </test-method> <!-- beforeMethod -->
        <test-method signature="createProduct()[pri:0, instance:ninjaCRM.CreateProductTest@7161d8d1]" started-at="2025-07-26T07:22:38 IST" name="createProduct" finished-at="2025-07-26T07:22:40 IST" duration-ms="1994" status="FAIL">
          <exception class="java.lang.IllegalStateException">
            <message>
              <![CDATA[Cannot get a STRING value from a NUMERIC cell]]>
            </message>
            <full-stacktrace>
              <![CDATA[java.lang.IllegalStateException: Cannot get a STRING value from a NUMERIC cell
at org.apache.poi.xssf.usermodel.XSSFCell.typeMismatch(XSSFCell.java:1035)
at org.apache.poi.xssf.usermodel.XSSFCell.getRichStringCellValue(XSSFCell.java:390)
at org.apache.poi.xssf.usermodel.XSSFCell.getStringCellValue(XSSFCell.java:342)
at excelFileUtilities.ExcelUtility.getDataFromExcel(ExcelUtility.java:14)
at ninjaCRM.CreateProductTest.createProduct(CreateProductTest.java:24)
at java.base/jdk.internal.reflect.NativeMethodAccessorImpl.invoke0(Native Method)
at java.base/jdk.internal.reflect.NativeMethodAccessorImpl.invoke(NativeMethodAccessorImpl.java:77)
at java.base/jdk.internal.reflect.DelegatingMethodAccessorImpl.invoke(DelegatingMethodAccessorImpl.java:43)
at java.base/java.lang.reflect.Method.invoke(Method.java:568)
at org.testng.internal.invokers.MethodInvocationHelper.invokeMethod(MethodInvocationHelper.java:141)
at org.testng.internal.invokers.TestInvoker.invokeMethod(TestInvoker.java:686)
at org.testng.internal.invokers.TestInvoker.invokeTestMethod(TestInvoker.java:230)
at org.testng.internal.invokers.MethodRunner.runInSequence(MethodRunner.java:63)
at org.testng.internal.invokers.TestInvoker$MethodInvocationAgent.invoke(TestInvoker.java:992)
at org.testng.internal.invokers.TestInvoker.invokeTestMethods(TestInvoker.java:203)
at org.testng.internal.invokers.TestMethodWorker.invokeTestMethods(TestMethodWorker.java:154)
at org.testng.internal.invokers.TestMethodWorker.run(TestMethodWorker.java:134)
at java.base/java.util.ArrayList.forEach(ArrayList.java:1511)
at org.testng.TestRunner.privateRun(TestRunner.java:739)
at org.testng.TestRunner.run(TestRunner.java:614)
at org.testng.SuiteRunner.runTest(SuiteRunner.java:421)
at org.testng.SuiteRunner.runSequentially(SuiteRunner.java:413)
at org.testng.SuiteRunner.privateRun(SuiteRunner.java:373)
at org.testng.SuiteRunner.run(SuiteRunner.java:312)
at org.testng.SuiteRunnerWorker.runSuite(SuiteRunnerWorker.java:52)
at org.testng.SuiteRunnerWorker.run(SuiteRunnerWorker.java:95)
at org.testng.TestNG.runSuitesSequentially(TestNG.java:1274)
at org.testng.TestNG.runSuitesLocally(TestNG.java:1208)
at org.testng.TestNG.runSuites(TestNG.java:1112)
at org.testng.TestNG.run(TestNG.java:1079)
at org.testng.remote.AbstractRemoteTestNG.run(AbstractRemoteTestNG.java:115)
at org.testng.remote.RemoteTestNG.initAndRun(RemoteTestNG.java:293)
at org.testng.remote.RemoteTestNG.main(RemoteTestNG.java:91)
]]>
            </full-stacktrace>
          </exception> <!-- java.lang.IllegalStateException -->
          <reporter-output>
          </reporter-output>
        </test-method> <!-- createProduct -->
        <test-method is-config="true" signature="aftermethod()[pri:0, instance:ninjaCRM.CreateProductTest@7161d8d1]" started-at="2025-07-26T07:22:40 IST" name="aftermethod" finished-at="2025-07-26T07:22:44 IST" duration-ms="3041" status="PASS">
          <reporter-output>
          </reporter-output>
        </test-method> <!-- aftermethod -->
        <test-method is-config="true" signature="afterClass()[pri:0, instance:ninjaCRM.CreateProductTest@7161d8d1]" started-at="2025-07-26T07:22:44 IST" name="afterClass" finished-at="2025-07-26T07:22:45 IST" duration-ms="1009" status="PASS">
          <reporter-output>
          </reporter-output>
        </test-method> <!-- afterClass -->
        <test-method is-config="true" signature="aftertest()[pri:0, instance:ninjaCRM.CreateProductTest@7161d8d1]" started-at="2025-07-26T07:22:45 IST" name="aftertest" finished-at="2025-07-26T07:22:45 IST" duration-ms="1" status="PASS">
          <reporter-output>
          </reporter-output>
        </test-method> <!-- aftertest -->
        <test-method is-config="true" signature="afterSuite()[pri:0, instance:ninjaCRM.CreateProductTest@7161d8d1]" started-at="2025-07-26T07:22:45 IST" name="afterSuite" finished-at="2025-07-26T07:22:45 IST" duration-ms="1" status="PASS">
          <reporter-output>
          </reporter-output>
        </test-method> <!-- afterSuite -->
      </class> <!-- ninjaCRM.CreateProductTest -->
    </test> <!-- Default test -->
  </suite> <!-- Default suite -->
</testng-results>
